<?xml version="1.0" encoding="UTF-8"?>
<testsuite name="com.wandted.matitnyam.MatitnyamApplicationTests" tests="1" skipped="0" failures="0" errors="0" timestamp="2023-11-01T14:06:29" hostname="DESKTOP-DEDM406" time="0.551">
  <properties/>
  <testcase name="contextLoads()" classname="com.wandted.matitnyam.MatitnyamApplicationTests" time="0.551"/>
  <system-out><![CDATA[23:06:25.228 [Test worker] INFO org.springframework.test.context.support.AnnotationConfigContextLoaderUtils -- Could not detect default configuration classes for test class [com.wandted.matitnyam.MatitnyamApplicationTests]: MatitnyamApplicationTests does not declare any static, non-private, non-final, nested classes annotated with @Configuration.
23:06:25.319 [Test worker] INFO org.springframework.boot.test.context.SpringBootTestContextBootstrapper -- Found @SpringBootConfiguration com.wandted.matitnyam.MatitnyamApplication for test class com.wandted.matitnyam.MatitnyamApplicationTests

  .   ____          _            __ _ _
 /\\ / ___'_ __ _ _(_)_ __  __ _ \ \ \ \
( ( )\___ | '_ | '_| | '_ \/ _` | \ \ \ \
 \\/  ___)| |_)| | | | | || (_| |  ) ) ) )
  '  |____| .__|_| |_|_| |_\__, | / / / /
 =========|_|==============|___/=/_/_/_/
 :: Spring Boot ::                (v3.1.5)

2023-11-01T23:06:25.732+09:00  INFO 43524 --- [    Test worker] c.w.matitnyam.MatitnyamApplicationTests  : Starting MatitnyamApplicationTests using Java 17.0.9 with PID 43524 (started by count in F:\matitnyam)
2023-11-01T23:06:25.734+09:00  INFO 43524 --- [    Test worker] c.w.matitnyam.MatitnyamApplicationTests  : No active profile set, falling back to 1 default profile: "default"
2023-11-01T23:06:26.420+09:00  INFO 43524 --- [    Test worker] .s.d.r.c.RepositoryConfigurationDelegate : Multiple Spring Data modules found, entering strict repository configuration mode
2023-11-01T23:06:26.422+09:00  INFO 43524 --- [    Test worker] .s.d.r.c.RepositoryConfigurationDelegate : Bootstrapping Spring Data JDBC repositories in DEFAULT mode.
2023-11-01T23:06:26.445+09:00  INFO 43524 --- [    Test worker] .s.d.r.c.RepositoryConfigurationDelegate : Finished Spring Data repository scanning in 17 ms. Found 0 JDBC repository interfaces.
2023-11-01T23:06:26.456+09:00  INFO 43524 --- [    Test worker] .s.d.r.c.RepositoryConfigurationDelegate : Multiple Spring Data modules found, entering strict repository configuration mode
2023-11-01T23:06:26.458+09:00  INFO 43524 --- [    Test worker] .s.d.r.c.RepositoryConfigurationDelegate : Bootstrapping Spring Data JPA repositories in DEFAULT mode.
2023-11-01T23:06:26.464+09:00  INFO 43524 --- [    Test worker] .s.d.r.c.RepositoryConfigurationDelegate : Finished Spring Data repository scanning in 2 ms. Found 0 JPA repository interfaces.
2023-11-01T23:06:26.777+09:00  INFO 43524 --- [    Test worker] trationDelegate$BeanPostProcessorChecker : Bean 'org.springframework.ws.config.annotation.DelegatingWsConfiguration' of type [org.springframework.ws.config.annotation.DelegatingWsConfiguration$$SpringCGLIB$$0] is not eligible for getting processed by all BeanPostProcessors (for example: not eligible for auto-proxying)
2023-11-01T23:06:26.820+09:00  INFO 43524 --- [    Test worker] .w.s.a.s.AnnotationActionEndpointMapping : Supporting [WS-Addressing August 2004, WS-Addressing 1.0]
2023-11-01T23:06:26.954+09:00  INFO 43524 --- [    Test worker] com.zaxxer.hikari.HikariDataSource       : HikariPool-1 - Starting...
2023-11-01T23:06:27.136+09:00  INFO 43524 --- [    Test worker] com.zaxxer.hikari.pool.HikariPool        : HikariPool-1 - Added connection conn0: url=jdbc:h2:mem:a359ecb7-074d-4072-aef7-8e390e8a0770 user=SA
2023-11-01T23:06:27.137+09:00  INFO 43524 --- [    Test worker] com.zaxxer.hikari.HikariDataSource       : HikariPool-1 - Start completed.
2023-11-01T23:06:27.181+09:00  INFO 43524 --- [    Test worker] o.hibernate.jpa.internal.util.LogHelper  : HHH000204: Processing PersistenceUnitInfo [name: default]
2023-11-01T23:06:27.245+09:00  INFO 43524 --- [    Test worker] org.hibernate.Version                    : HHH000412: Hibernate ORM core version 6.2.13.Final
2023-11-01T23:06:27.247+09:00  INFO 43524 --- [    Test worker] org.hibernate.cfg.Environment            : HHH000406: Using bytecode reflection optimizer
2023-11-01T23:06:27.552+09:00  INFO 43524 --- [    Test worker] o.s.o.j.p.SpringPersistenceUnitInfo      : No LoadTimeWeaver setup: ignoring JPA class transformer
2023-11-01T23:06:27.876+09:00  INFO 43524 --- [    Test worker] o.h.e.t.j.p.i.JtaPlatformInitiator       : HHH000489: No JTA platform available (set 'hibernate.transaction.jta.platform' to enable JTA platform integration)
2023-11-01T23:06:27.881+09:00  INFO 43524 --- [    Test worker] j.LocalContainerEntityManagerFactoryBean : Initialized JPA EntityManagerFactory for persistence unit 'default'
2023-11-01T23:06:28.037+09:00  WARN 43524 --- [    Test worker] JpaBaseConfiguration$JpaWebConfiguration : spring.jpa.open-in-view is enabled by default. Therefore, database queries may be performed during view rendering. Explicitly configure spring.jpa.open-in-view to disable this warning
2023-11-01T23:06:29.158+09:00  INFO 43524 --- [    Test worker] c.w.matitnyam.MatitnyamApplicationTests  : Started MatitnyamApplicationTests in 3.67 seconds (process running for 5.442)
]]></system-out>
  <system-err><![CDATA[]]></system-err>
</testsuite>
